<?xml version="1.0" encoding="UTF-8"?>
<!-- Generated by org.testng.reporters.JUnitReportReporter -->
<testsuite hostname="LAPTOP-9REF4ALR" failures="0" tests="1" name="pkg1.AnnatationStudy" time="0.010" errors="0" timestamp="2022-11-26T11:23:00 IST" skipped="0">
  <testcase classname="pkg1.AnnatationStudy" name="ValidateUserName" time="0.010"/>
  <system-out>
    <![CDATA[UserName is Validated]]>
  </system-out>
</testsuite> <!-- pkg1.AnnatationStudy -->
